<?xml version="1.0" encoding="UTF-8"?>
<testsuite xmlns:xsi="http://www.w3.org/2001/XMLSchema-instance" xsi:noNamespaceSchemaLocation="https://maven.apache.org/surefire/maven-surefire-plugin/xsd/surefire-test-report-3.0.xsd" version="3.0" name="com.test.parser.demo.DemoApplicationTests" time="1.23" tests="1" errors="0" skipped="0" failures="0">
  <properties>
[...]
</properties>
  <testcase name="contextLoads" classname="com.test.parser.demo.DemoApplicationTests" time="0.397">
    <system-out><![CDATA[18:10:48.228 [main] INFO org.springframework.test.context.support.AnnotationConfigContextLoaderUtils -- Could not detect default configuration classes for test class [com.test.parser.demo.DemoApplicationTests]: DemoApplicationTests does not declare any static, non-private, non-final, nested classes annotated with @Configuration.
18:10:48.278 [main] INFO org.springframework.boot.test.context.SpringBootTestContextBootstrapper -- Found @SpringBootConfiguration com.test.parser.demo.DemoApplication for test class com.test.parser.demo.DemoApplicationTests

  .   ____          _            __ _ _
 /\\ / ___'_ __ _ _(_)_ __  __ _ \ \ \ \
( ( )\___ | '_ | '_| | '_ \/ _` | \ \ \ \
 \\/  ___)| |_)| | | | | || (_| |  ) ) ) )
  '  |____| .__|_| |_|_| |_\__, | / / / /
 =========|_|==============|___/=/_/_/_/
 :: Spring Boot ::                (v3.2.3)

2024-03-03T18:10:48.450Z  INFO 36218 --- [           main] c.test.parser.demo.DemoApplicationTests  : Starting DemoApplicationTests using Java 17.0.4.1 with PID 36218 (started by sonam in /Users/sonam/parser)
2024-03-03T18:10:48.451Z  INFO 36218 --- [           main] c.test.parser.demo.DemoApplicationTests  : No active profile set, falling back to 1 default profile: "default"
2024-03-03T18:10:48.971Z  INFO 36218 --- [           main] c.test.parser.demo.DemoApplicationTests  : Started DemoApplicationTests in 0.626 seconds (process running for 1.062)
]]></system-out>
  </testcase>
</testsuite>